        Memory Usage by Core
        ====================

Generated: Mon Jun  2 09:57:21 2025 for target machine '10.11.205.25'

Planned by partitioner
----------------------
Based on 1000 timesteps

SDRAM reqs for core (4,4,2) is 3263 KB (3341704.0 bytes) for Placement(vertex=Excitatory_Cells:0:255, x=4, y=4, p=2)
SDRAM reqs for core (3,3,2) is 2283 KB (2338712.0 bytes) for Placement(vertex=Excitatory_Cells:1024:1199, x=3, y=3, p=2)
SDRAM reqs for core (5,4,2) is 3263 KB (3341704.0 bytes) for Placement(vertex=Excitatory_Cells:256:511, x=5, y=4, p=2)
SDRAM reqs for core (5,5,2) is 3263 KB (3341704.0 bytes) for Placement(vertex=Excitatory_Cells:512:767, x=5, y=5, p=2)
SDRAM reqs for core (4,5,2) is 3263 KB (3341704.0 bytes) for Placement(vertex=Excitatory_Cells:768:1023, x=4, y=5, p=2)
SDRAM reqs for core (3,4,2) is 3256 KB (3334372.0 bytes) for Placement(vertex=Inhibitory_Cells:0:255, x=3, y=4, p=2)
SDRAM reqs for core (4,3,2) is 641 KB (656436.0 bytes) for Placement(vertex=Inhibitory_Cells:256:299, x=4, y=3, p=2)
SDRAM reqs for core (0,0,1) is 476 KB (488156 bytes) for Placement(vertex=SYSTEM:ExtraMonitor, x=0, y=0, p=1)
SDRAM reqs for core (0,1,1) is 476 KB (488156 bytes) for Placement(vertex=SYSTEM:ExtraMonitor1, x=0, y=1, p=1)
SDRAM reqs for core (2,1,1) is 476 KB (488156 bytes) for Placement(vertex=SYSTEM:ExtraMonitor10, x=2, y=1, p=1)
SDRAM reqs for core (2,2,1) is 476 KB (488156 bytes) for Placement(vertex=SYSTEM:ExtraMonitor11, x=2, y=2, p=1)
SDRAM reqs for core (2,3,1) is 476 KB (488156 bytes) for Placement(vertex=SYSTEM:ExtraMonitor12, x=2, y=3, p=1)
SDRAM reqs for core (2,4,1) is 476 KB (488156 bytes) for Placement(vertex=SYSTEM:ExtraMonitor13, x=2, y=4, p=1)
SDRAM reqs for core (2,5,1) is 476 KB (488156 bytes) for Placement(vertex=SYSTEM:ExtraMonitor14, x=2, y=5, p=1)
SDRAM reqs for core (3,0,1) is 476 KB (488156 bytes) for Placement(vertex=SYSTEM:ExtraMonitor15, x=3, y=0, p=1)
SDRAM reqs for core (3,1,1) is 476 KB (488156 bytes) for Placement(vertex=SYSTEM:ExtraMonitor16, x=3, y=1, p=1)
SDRAM reqs for core (3,2,1) is 476 KB (488156 bytes) for Placement(vertex=SYSTEM:ExtraMonitor17, x=3, y=2, p=1)
SDRAM reqs for core (3,3,1) is 476 KB (488156 bytes) for Placement(vertex=SYSTEM:ExtraMonitor18, x=3, y=3, p=1)
SDRAM reqs for core (3,4,1) is 476 KB (488156 bytes) for Placement(vertex=SYSTEM:ExtraMonitor19, x=3, y=4, p=1)
SDRAM reqs for core (0,2,1) is 476 KB (488156 bytes) for Placement(vertex=SYSTEM:ExtraMonitor2, x=0, y=2, p=1)
SDRAM reqs for core (3,5,1) is 476 KB (488156 bytes) for Placement(vertex=SYSTEM:ExtraMonitor20, x=3, y=5, p=1)
SDRAM reqs for core (3,6,1) is 476 KB (488156 bytes) for Placement(vertex=SYSTEM:ExtraMonitor21, x=3, y=6, p=1)
SDRAM reqs for core (4,0,1) is 476 KB (488156 bytes) for Placement(vertex=SYSTEM:ExtraMonitor22, x=4, y=0, p=1)
SDRAM reqs for core (4,1,1) is 476 KB (488156 bytes) for Placement(vertex=SYSTEM:ExtraMonitor23, x=4, y=1, p=1)
SDRAM reqs for core (4,2,1) is 476 KB (488156 bytes) for Placement(vertex=SYSTEM:ExtraMonitor24, x=4, y=2, p=1)
SDRAM reqs for core (4,3,1) is 476 KB (488156 bytes) for Placement(vertex=SYSTEM:ExtraMonitor25, x=4, y=3, p=1)
SDRAM reqs for core (4,4,1) is 476 KB (488156 bytes) for Placement(vertex=SYSTEM:ExtraMonitor26, x=4, y=4, p=1)
SDRAM reqs for core (4,5,1) is 476 KB (488156 bytes) for Placement(vertex=SYSTEM:ExtraMonitor27, x=4, y=5, p=1)
SDRAM reqs for core (4,6,1) is 476 KB (488156 bytes) for Placement(vertex=SYSTEM:ExtraMonitor28, x=4, y=6, p=1)
SDRAM reqs for core (4,7,1) is 476 KB (488156 bytes) for Placement(vertex=SYSTEM:ExtraMonitor29, x=4, y=7, p=1)
SDRAM reqs for core (0,3,1) is 476 KB (488156 bytes) for Placement(vertex=SYSTEM:ExtraMonitor3, x=0, y=3, p=1)
SDRAM reqs for core (5,1,1) is 476 KB (488156 bytes) for Placement(vertex=SYSTEM:ExtraMonitor30, x=5, y=1, p=1)
SDRAM reqs for core (5,2,1) is 476 KB (488156 bytes) for Placement(vertex=SYSTEM:ExtraMonitor31, x=5, y=2, p=1)
SDRAM reqs for core (5,3,1) is 476 KB (488156 bytes) for Placement(vertex=SYSTEM:ExtraMonitor32, x=5, y=3, p=1)
SDRAM reqs for core (5,4,1) is 476 KB (488156 bytes) for Placement(vertex=SYSTEM:ExtraMonitor33, x=5, y=4, p=1)
SDRAM reqs for core (5,5,1) is 476 KB (488156 bytes) for Placement(vertex=SYSTEM:ExtraMonitor34, x=5, y=5, p=1)
SDRAM reqs for core (5,6,1) is 476 KB (488156 bytes) for Placement(vertex=SYSTEM:ExtraMonitor35, x=5, y=6, p=1)
SDRAM reqs for core (5,7,1) is 476 KB (488156 bytes) for Placement(vertex=SYSTEM:ExtraMonitor36, x=5, y=7, p=1)
SDRAM reqs for core (6,2,1) is 476 KB (488156 bytes) for Placement(vertex=SYSTEM:ExtraMonitor37, x=6, y=2, p=1)
SDRAM reqs for core (6,3,1) is 476 KB (488156 bytes) for Placement(vertex=SYSTEM:ExtraMonitor38, x=6, y=3, p=1)
SDRAM reqs for core (6,4,1) is 476 KB (488156 bytes) for Placement(vertex=SYSTEM:ExtraMonitor39, x=6, y=4, p=1)
SDRAM reqs for core (1,0,1) is 476 KB (488156 bytes) for Placement(vertex=SYSTEM:ExtraMonitor4, x=1, y=0, p=1)
SDRAM reqs for core (6,5,1) is 476 KB (488156 bytes) for Placement(vertex=SYSTEM:ExtraMonitor40, x=6, y=5, p=1)
SDRAM reqs for core (6,6,1) is 476 KB (488156 bytes) for Placement(vertex=SYSTEM:ExtraMonitor41, x=6, y=6, p=1)
SDRAM reqs for core (6,7,1) is 476 KB (488156 bytes) for Placement(vertex=SYSTEM:ExtraMonitor42, x=6, y=7, p=1)
SDRAM reqs for core (7,3,1) is 476 KB (488156 bytes) for Placement(vertex=SYSTEM:ExtraMonitor43, x=7, y=3, p=1)
SDRAM reqs for core (7,4,1) is 476 KB (488156 bytes) for Placement(vertex=SYSTEM:ExtraMonitor44, x=7, y=4, p=1)
SDRAM reqs for core (7,5,1) is 476 KB (488156 bytes) for Placement(vertex=SYSTEM:ExtraMonitor45, x=7, y=5, p=1)
SDRAM reqs for core (7,6,1) is 476 KB (488156 bytes) for Placement(vertex=SYSTEM:ExtraMonitor46, x=7, y=6, p=1)
SDRAM reqs for core (7,7,1) is 476 KB (488156 bytes) for Placement(vertex=SYSTEM:ExtraMonitor47, x=7, y=7, p=1)
SDRAM reqs for core (1,1,1) is 476 KB (488156 bytes) for Placement(vertex=SYSTEM:ExtraMonitor5, x=1, y=1, p=1)
SDRAM reqs for core (1,2,1) is 476 KB (488156 bytes) for Placement(vertex=SYSTEM:ExtraMonitor6, x=1, y=2, p=1)
SDRAM reqs for core (1,3,1) is 476 KB (488156 bytes) for Placement(vertex=SYSTEM:ExtraMonitor7, x=1, y=3, p=1)
SDRAM reqs for core (1,4,1) is 476 KB (488156 bytes) for Placement(vertex=SYSTEM:ExtraMonitor8, x=1, y=4, p=1)
SDRAM reqs for core (2,0,1) is 476 KB (488156 bytes) for Placement(vertex=SYSTEM:ExtraMonitor9, x=2, y=0, p=1)
SDRAM reqs for core (0,0,2) is 466 KB (477234 bytes) for Placement(vertex=SYSTEM:PacketGatherer(0,0), x=0, y=0, p=2)
SDRAM reqs for core (6,4,2) is 20 KB (21052.0 bytes) for Placement(vertex=expoisson:0:19, x=6, y=4, p=2)
**** Chip: (0, 0) has total memory usage of 942 KB (965390 bytes) out of a max of 120575 KB (123469792 bytes)

**** Chip: (0, 1) has total memory usage of 476 KB (488156 bytes) out of a max of 120575 KB (123469792 bytes)

**** Chip: (0, 2) has total memory usage of 476 KB (488156 bytes) out of a max of 120575 KB (123469792 bytes)

**** Chip: (0, 3) has total memory usage of 476 KB (488156 bytes) out of a max of 120575 KB (123469792 bytes)

**** Chip: (1, 0) has total memory usage of 476 KB (488156 bytes) out of a max of 120575 KB (123469792 bytes)

**** Chip: (1, 1) has total memory usage of 476 KB (488156 bytes) out of a max of 120575 KB (123469792 bytes)

**** Chip: (1, 2) has total memory usage of 476 KB (488156 bytes) out of a max of 120575 KB (123469792 bytes)

**** Chip: (1, 3) has total memory usage of 476 KB (488156 bytes) out of a max of 120575 KB (123469792 bytes)

**** Chip: (1, 4) has total memory usage of 476 KB (488156 bytes) out of a max of 120575 KB (123469792 bytes)

**** Chip: (2, 0) has total memory usage of 476 KB (488156 bytes) out of a max of 120575 KB (123469792 bytes)

**** Chip: (2, 1) has total memory usage of 476 KB (488156 bytes) out of a max of 120575 KB (123469792 bytes)

**** Chip: (2, 2) has total memory usage of 476 KB (488156 bytes) out of a max of 120575 KB (123469792 bytes)

**** Chip: (2, 3) has total memory usage of 476 KB (488156 bytes) out of a max of 120575 KB (123469792 bytes)

**** Chip: (2, 4) has total memory usage of 476 KB (488156 bytes) out of a max of 120575 KB (123469792 bytes)

**** Chip: (2, 5) has total memory usage of 476 KB (488156 bytes) out of a max of 120575 KB (123469792 bytes)

**** Chip: (3, 0) has total memory usage of 476 KB (488156 bytes) out of a max of 120575 KB (123469792 bytes)

**** Chip: (3, 1) has total memory usage of 476 KB (488156 bytes) out of a max of 120575 KB (123469792 bytes)

**** Chip: (3, 2) has total memory usage of 476 KB (488156 bytes) out of a max of 120575 KB (123469792 bytes)

**** Chip: (3, 3) has total memory usage of 2760 KB (2826868.0 bytes) out of a max of 120575 KB (123469792 bytes)

**** Chip: (3, 4) has total memory usage of 3732 KB (3822528.0 bytes) out of a max of 120575 KB (123469792 bytes)

**** Chip: (3, 5) has total memory usage of 476 KB (488156 bytes) out of a max of 120575 KB (123469792 bytes)

**** Chip: (3, 6) has total memory usage of 476 KB (488156 bytes) out of a max of 120575 KB (123469792 bytes)

**** Chip: (4, 0) has total memory usage of 476 KB (488156 bytes) out of a max of 120575 KB (123469792 bytes)

**** Chip: (4, 1) has total memory usage of 476 KB (488156 bytes) out of a max of 120575 KB (123469792 bytes)

**** Chip: (4, 2) has total memory usage of 476 KB (488156 bytes) out of a max of 120575 KB (123469792 bytes)

**** Chip: (4, 3) has total memory usage of 1117 KB (1144592.0 bytes) out of a max of 120575 KB (123469792 bytes)

**** Chip: (4, 4) has total memory usage of 3740 KB (3829860.0 bytes) out of a max of 120575 KB (123469792 bytes)

**** Chip: (4, 5) has total memory usage of 3740 KB (3829860.0 bytes) out of a max of 120575 KB (123469792 bytes)

**** Chip: (4, 6) has total memory usage of 476 KB (488156 bytes) out of a max of 120575 KB (123469792 bytes)

**** Chip: (4, 7) has total memory usage of 476 KB (488156 bytes) out of a max of 120575 KB (123469792 bytes)

**** Chip: (5, 1) has total memory usage of 476 KB (488156 bytes) out of a max of 120575 KB (123469792 bytes)

**** Chip: (5, 2) has total memory usage of 476 KB (488156 bytes) out of a max of 120575 KB (123469792 bytes)

**** Chip: (5, 3) has total memory usage of 476 KB (488156 bytes) out of a max of 120575 KB (123469792 bytes)

**** Chip: (5, 4) has total memory usage of 3740 KB (3829860.0 bytes) out of a max of 120575 KB (123469792 bytes)

**** Chip: (5, 5) has total memory usage of 3740 KB (3829860.0 bytes) out of a max of 120575 KB (123469792 bytes)

**** Chip: (5, 6) has total memory usage of 476 KB (488156 bytes) out of a max of 120575 KB (123469792 bytes)

**** Chip: (5, 7) has total memory usage of 476 KB (488156 bytes) out of a max of 120575 KB (123469792 bytes)

**** Chip: (6, 2) has total memory usage of 476 KB (488156 bytes) out of a max of 120575 KB (123469792 bytes)

**** Chip: (6, 3) has total memory usage of 476 KB (488156 bytes) out of a max of 120575 KB (123469792 bytes)

**** Chip: (6, 4) has total memory usage of 497 KB (509208.0 bytes) out of a max of 120575 KB (123469792 bytes)

**** Chip: (6, 5) has total memory usage of 476 KB (488156 bytes) out of a max of 120575 KB (123469792 bytes)

**** Chip: (6, 6) has total memory usage of 476 KB (488156 bytes) out of a max of 120575 KB (123469792 bytes)

**** Chip: (6, 7) has total memory usage of 476 KB (488156 bytes) out of a max of 120575 KB (123469792 bytes)

**** Chip: (7, 3) has total memory usage of 476 KB (488156 bytes) out of a max of 120575 KB (123469792 bytes)

**** Chip: (7, 4) has total memory usage of 476 KB (488156 bytes) out of a max of 120575 KB (123469792 bytes)

**** Chip: (7, 5) has total memory usage of 476 KB (488156 bytes) out of a max of 120575 KB (123469792 bytes)

**** Chip: (7, 6) has total memory usage of 476 KB (488156 bytes) out of a max of 120575 KB (123469792 bytes)

**** Chip: (7, 7) has total memory usage of 476 KB (488156 bytes) out of a max of 120575 KB (123469792 bytes)


Actual space reserved on the machine
----------------------
Based on 39346 timesteps

 core (4,4,2) Fixed 221704 bytes Per_timestep 3120.0 bytes for a total of 122981224.0
 core (3,3,2) Fixed 186712 bytes Per_timestep 2152.0 bytes for a total of 84859304.0
 core (5,4,2) Fixed 221704 bytes Per_timestep 3120.0 bytes for a total of 122981224.0
 core (5,5,2) Fixed 221704 bytes Per_timestep 3120.0 bytes for a total of 122981224.0
 core (4,5,2) Fixed 221704 bytes Per_timestep 3120.0 bytes for a total of 122981224.0
 core (3,4,2) Fixed 214372 bytes Per_timestep 3120.0 bytes for a total of 122973892.0
 core (4,3,2) Fixed 104436 bytes Per_timestep 552.0 bytes for a total of 21823428.0
 core (0,0,1) Constant 488156 bytes
 core (0,1,1) Constant 488156 bytes
 core (2,1,1) Constant 488156 bytes
 core (2,2,1) Constant 488156 bytes
 core (2,3,1) Constant 488156 bytes
 core (2,4,1) Constant 488156 bytes
 core (2,5,1) Constant 488156 bytes
 core (3,0,1) Constant 488156 bytes
 core (3,1,1) Constant 488156 bytes
 core (3,2,1) Constant 488156 bytes
 core (3,3,1) Constant 488156 bytes
 core (3,4,1) Constant 488156 bytes
 core (0,2,1) Constant 488156 bytes
 core (3,5,1) Constant 488156 bytes
 core (3,6,1) Constant 488156 bytes
 core (4,0,1) Constant 488156 bytes
 core (4,1,1) Constant 488156 bytes
 core (4,2,1) Constant 488156 bytes
 core (4,3,1) Constant 488156 bytes
 core (4,4,1) Constant 488156 bytes
 core (4,5,1) Constant 488156 bytes
 core (4,6,1) Constant 488156 bytes
 core (4,7,1) Constant 488156 bytes
 core (0,3,1) Constant 488156 bytes
 core (5,1,1) Constant 488156 bytes
 core (5,2,1) Constant 488156 bytes
 core (5,3,1) Constant 488156 bytes
 core (5,4,1) Constant 488156 bytes
 core (5,5,1) Constant 488156 bytes
 core (5,6,1) Constant 488156 bytes
 core (5,7,1) Constant 488156 bytes
 core (6,2,1) Constant 488156 bytes
 core (6,3,1) Constant 488156 bytes
 core (6,4,1) Constant 488156 bytes
 core (1,0,1) Constant 488156 bytes
 core (6,5,1) Constant 488156 bytes
 core (6,6,1) Constant 488156 bytes
 core (6,7,1) Constant 488156 bytes
 core (7,3,1) Constant 488156 bytes
 core (7,4,1) Constant 488156 bytes
 core (7,5,1) Constant 488156 bytes
 core (7,6,1) Constant 488156 bytes
 core (7,7,1) Constant 488156 bytes
 core (1,1,1) Constant 488156 bytes
 core (1,2,1) Constant 488156 bytes
 core (1,3,1) Constant 488156 bytes
 core (1,4,1) Constant 488156 bytes
 core (2,0,1) Constant 488156 bytes
 core (0,0,2) Constant 477234 bytes
 core (6,4,2) Fixed 1052 bytes Per_timestep 20.0 bytes for a total of 787972.0
**** Chip: (0, 0) has total memory usage of 942 KB (965390 bytes) out of a max of 120575 KB (123469792 bytes)

**** Chip: (0, 1) has total memory usage of 476 KB (488156 bytes) out of a max of 120575 KB (123469792 bytes)

**** Chip: (0, 2) has total memory usage of 476 KB (488156 bytes) out of a max of 120575 KB (123469792 bytes)

**** Chip: (0, 3) has total memory usage of 476 KB (488156 bytes) out of a max of 120575 KB (123469792 bytes)

**** Chip: (1, 0) has total memory usage of 476 KB (488156 bytes) out of a max of 120575 KB (123469792 bytes)

**** Chip: (1, 1) has total memory usage of 476 KB (488156 bytes) out of a max of 120575 KB (123469792 bytes)

**** Chip: (1, 2) has total memory usage of 476 KB (488156 bytes) out of a max of 120575 KB (123469792 bytes)

**** Chip: (1, 3) has total memory usage of 476 KB (488156 bytes) out of a max of 120575 KB (123469792 bytes)

**** Chip: (1, 4) has total memory usage of 476 KB (488156 bytes) out of a max of 120575 KB (123469792 bytes)

**** Chip: (2, 0) has total memory usage of 476 KB (488156 bytes) out of a max of 120575 KB (123469792 bytes)

**** Chip: (2, 1) has total memory usage of 476 KB (488156 bytes) out of a max of 120575 KB (123469792 bytes)

**** Chip: (2, 2) has total memory usage of 476 KB (488156 bytes) out of a max of 120575 KB (123469792 bytes)

**** Chip: (2, 3) has total memory usage of 476 KB (488156 bytes) out of a max of 120575 KB (123469792 bytes)

**** Chip: (2, 4) has total memory usage of 476 KB (488156 bytes) out of a max of 120575 KB (123469792 bytes)

**** Chip: (2, 5) has total memory usage of 476 KB (488156 bytes) out of a max of 120575 KB (123469792 bytes)

**** Chip: (3, 0) has total memory usage of 476 KB (488156 bytes) out of a max of 120575 KB (123469792 bytes)

**** Chip: (3, 1) has total memory usage of 476 KB (488156 bytes) out of a max of 120575 KB (123469792 bytes)

**** Chip: (3, 2) has total memory usage of 476 KB (488156 bytes) out of a max of 120575 KB (123469792 bytes)

**** Chip: (3, 3) has total memory usage of 83347 KB (85347460.0 bytes) out of a max of 120575 KB (123469792 bytes)

**** Chip: (3, 4) has total memory usage of 120568 KB (123462048.0 bytes) out of a max of 120575 KB (123469792 bytes)

**** Chip: (3, 5) has total memory usage of 476 KB (488156 bytes) out of a max of 120575 KB (123469792 bytes)

**** Chip: (3, 6) has total memory usage of 476 KB (488156 bytes) out of a max of 120575 KB (123469792 bytes)

**** Chip: (4, 0) has total memory usage of 476 KB (488156 bytes) out of a max of 120575 KB (123469792 bytes)

**** Chip: (4, 1) has total memory usage of 476 KB (488156 bytes) out of a max of 120575 KB (123469792 bytes)

**** Chip: (4, 2) has total memory usage of 476 KB (488156 bytes) out of a max of 120575 KB (123469792 bytes)

**** Chip: (4, 3) has total memory usage of 21788 KB (22311584.0 bytes) out of a max of 120575 KB (123469792 bytes)

**** Chip: (4, 4) has total memory usage of 120575 KB (123469380.0 bytes) out of a max of 120575 KB (123469792 bytes)

**** Chip: (4, 5) has total memory usage of 120575 KB (123469380.0 bytes) out of a max of 120575 KB (123469792 bytes)

**** Chip: (4, 6) has total memory usage of 476 KB (488156 bytes) out of a max of 120575 KB (123469792 bytes)

**** Chip: (4, 7) has total memory usage of 476 KB (488156 bytes) out of a max of 120575 KB (123469792 bytes)

**** Chip: (5, 1) has total memory usage of 476 KB (488156 bytes) out of a max of 120575 KB (123469792 bytes)

**** Chip: (5, 2) has total memory usage of 476 KB (488156 bytes) out of a max of 120575 KB (123469792 bytes)

**** Chip: (5, 3) has total memory usage of 476 KB (488156 bytes) out of a max of 120575 KB (123469792 bytes)

**** Chip: (5, 4) has total memory usage of 120575 KB (123469380.0 bytes) out of a max of 120575 KB (123469792 bytes)

**** Chip: (5, 5) has total memory usage of 120575 KB (123469380.0 bytes) out of a max of 120575 KB (123469792 bytes)

**** Chip: (5, 6) has total memory usage of 476 KB (488156 bytes) out of a max of 120575 KB (123469792 bytes)

**** Chip: (5, 7) has total memory usage of 476 KB (488156 bytes) out of a max of 120575 KB (123469792 bytes)

**** Chip: (6, 2) has total memory usage of 476 KB (488156 bytes) out of a max of 120575 KB (123469792 bytes)

**** Chip: (6, 3) has total memory usage of 476 KB (488156 bytes) out of a max of 120575 KB (123469792 bytes)

**** Chip: (6, 4) has total memory usage of 1246 KB (1276128.0 bytes) out of a max of 120575 KB (123469792 bytes)

**** Chip: (6, 5) has total memory usage of 476 KB (488156 bytes) out of a max of 120575 KB (123469792 bytes)

**** Chip: (6, 6) has total memory usage of 476 KB (488156 bytes) out of a max of 120575 KB (123469792 bytes)

**** Chip: (6, 7) has total memory usage of 476 KB (488156 bytes) out of a max of 120575 KB (123469792 bytes)

**** Chip: (7, 3) has total memory usage of 476 KB (488156 bytes) out of a max of 120575 KB (123469792 bytes)

**** Chip: (7, 4) has total memory usage of 476 KB (488156 bytes) out of a max of 120575 KB (123469792 bytes)

**** Chip: (7, 5) has total memory usage of 476 KB (488156 bytes) out of a max of 120575 KB (123469792 bytes)

**** Chip: (7, 6) has total memory usage of 476 KB (488156 bytes) out of a max of 120575 KB (123469792 bytes)

**** Chip: (7, 7) has total memory usage of 476 KB (488156 bytes) out of a max of 120575 KB (123469792 bytes)

