core vertex_4_4_2_Excitatory_Cells:0:119 

    348 packets received.
    67 were detected as redundant packets by the bitfield filter.
    0 were detected as having no targets after the DMA stage.
    0 were detected as packets which we should not have received in the first place. 
    Overall this makes a redundant percentage of 19.25287356321839
core vertex_5_4_2_Inhibitory_Cells:0:29 

    348 packets received.
    217 were detected as redundant packets by the bitfield filter.
    0 were detected as having no targets after the DMA stage.
    0 were detected as packets which we should not have received in the first place. 
    Overall this makes a redundant percentage of 62.35632183908046
overall, the core with the most incoming packets had 348 packets.
         The core with the least incoming packets had 348 packets.
         The core with the most redundant packets had 217 packets.
         The core with the least redundant packets had 67 packets.
         The average incoming and redundant were 348 and 142.
         The max and min percentages of redundant packets are 62.35632183908046 and 19.25287356321839. 
         The average redundant percentages from each core were 40.804597701149426 accordingly.
          The total packets flown in system was 696